<?xml version="1.0" encoding="UTF-8"?>
<!-- Generated by org.testng.reporters.JUnitReportReporter -->
<testsuite skipped="0" hostname="TYSS-4F-038" name="com.crm.practice.PracticeTest" tests="1" failures="0" timestamp="10 Jul 2018 11:12:32 GMT" time="6.459" errors="0">
  <testcase name="practiceTest" time="6.459" classname="com.crm.practice.PracticeTest"/>
</testsuite> <!-- com.crm.practice.PracticeTest -->
